{"C:\\Users\\yairo\\OneDrive\\Desktop\\new-project\\backend\\src\\index.ts": {"path":"C:\\Users\\yairo\\OneDrive\\Desktop\\new-project\\backend\\src\\index.ts","statementMap":{"0":{"start":{"line":1,"column":0},"end":{"line":1,"column":53}},"1":{"start":{"line":2,"column":0},"end":{"line":2,"column":24}},"2":{"start":{"line":3,"column":0},"end":{"line":3,"column":28}},"3":{"start":{"line":4,"column":0},"end":{"line":4,"column":46}},"4":{"start":{"line":6,"column":0},"end":{"line":6,"column":31}},"5":{"start":{"line":8,"column":0},"end":{"line":8,"column":16}},"6":{"start":{"line":10,"column":12},"end":{"line":10,"column":21}},"7":{"start":{"line":11,"column":13},"end":{"line":11,"column":37}},"8":{"start":{"line":12,"column":15},"end":{"line":12,"column":33}},"9":{"start":{"line":26,"column":38},"end":{"line":26,"column":40}},"10":{"start":{"line":27,"column":26},"end":{"line":27,"column":27}},"11":{"start":{"line":29,"column":0},"end":{"line":29,"column":16}},"12":{"start":{"line":30,"column":0},"end":{"line":30,"column":24}},"13":{"start":{"line":32,"column":0},"end":{"line":34,"column":3}},"14":{"start":{"line":33,"column":2},"end":{"line":33,"column":59}},"15":{"start":{"line":37,"column":0},"end":{"line":47,"column":3}},"16":{"start":{"line":38,"column":21},"end":{"line":38,"column":49}},"17":{"start":{"line":39,"column":16},"end":{"line":39,"column":54}},"18":{"start":{"line":40,"column":2},"end":{"line":40,"column":69}},"19":{"start":{"line":40,"column":14},"end":{"line":40,"column":69}},"20":{"start":{"line":41,"column":2},"end":{"line":46,"column":3}},"21":{"start":{"line":42,"column":20},"end":{"line":42,"column":95}},"22":{"start":{"line":43,"column":4},"end":{"line":43,"column":41}},"23":{"start":{"line":45,"column":4},"end":{"line":45,"column":53}},"24":{"start":{"line":52,"column":0},"end":{"line":78,"column":3}},"25":{"start":{"line":52,"column":66},"end":{"line":78,"column":2}},"26":{"start":{"line":53,"column":21},"end":{"line":53,"column":49}},"27":{"start":{"line":54,"column":16},"end":{"line":54,"column":54}},"28":{"start":{"line":55,"column":2},"end":{"line":55,"column":69}},"29":{"start":{"line":55,"column":14},"end":{"line":55,"column":69}},"30":{"start":{"line":56,"column":2},"end":{"line":77,"column":3}},"31":{"start":{"line":57,"column":20},"end":{"line":57,"column":95}},"32":{"start":{"line":58,"column":19},"end":{"line":58,"column":33}},"33":{"start":{"line":59,"column":20},"end":{"line":59,"column":45}},"34":{"start":{"line":60,"column":4},"end":{"line":62,"column":5}},"35":{"start":{"line":61,"column":6},"end":{"line":61,"column":64}},"36":{"start":{"line":63,"column":25},"end":{"line":65,"column":6}},"37":{"start":{"line":66,"column":17},"end":{"line":69,"column":6}},"38":{"start":{"line":70,"column":21},"end":{"line":73,"column":6}},"39":{"start":{"line":74,"column":4},"end":{"line":74,"column":69}},"40":{"start":{"line":76,"column":4},"end":{"line":76,"column":52}},"41":{"start":{"line":81,"column":0},"end":{"line":110,"column":3}},"42":{"start":{"line":81,"column":66},"end":{"line":110,"column":2}},"43":{"start":{"line":82,"column":21},"end":{"line":82,"column":49}},"44":{"start":{"line":83,"column":16},"end":{"line":83,"column":54}},"45":{"start":{"line":84,"column":2},"end":{"line":84,"column":69}},"46":{"start":{"line":84,"column":14},"end":{"line":84,"column":69}},"47":{"start":{"line":85,"column":2},"end":{"line":109,"column":3}},"48":{"start":{"line":86,"column":20},"end":{"line":86,"column":95}},"49":{"start":{"line":87,"column":19},"end":{"line":87,"column":33}},"50":{"start":{"line":88,"column":65},"end":{"line":88,"column":73}},"51":{"start":{"line":89,"column":4},"end":{"line":95,"column":5}},"52":{"start":{"line":90,"column":6},"end":{"line":94,"column":9}},"53":{"start":{"line":96,"column":4},"end":{"line":105,"column":5}},"54":{"start":{"line":97,"column":28},"end":{"line":97,"column":94}},"55":{"start":{"line":98,"column":6},"end":{"line":104,"column":7}},"56":{"start":{"line":99,"column":8},"end":{"line":103,"column":11}},"57":{"start":{"line":106,"column":4},"end":{"line":106,"column":32}},"58":{"start":{"line":108,"column":4},"end":{"line":108,"column":52}},"59":{"start":{"line":112,"column":0},"end":{"line":129,"column":3}},"60":{"start":{"line":112,"column":72},"end":{"line":129,"column":2}},"61":{"start":{"line":113,"column":21},"end":{"line":113,"column":49}},"62":{"start":{"line":114,"column":16},"end":{"line":114,"column":54}},"63":{"start":{"line":115,"column":2},"end":{"line":115,"column":69}},"64":{"start":{"line":115,"column":14},"end":{"line":115,"column":69}},"65":{"start":{"line":116,"column":17},"end":{"line":116,"column":27}},"66":{"start":{"line":117,"column":21},"end":{"line":117,"column":29}},"67":{"start":{"line":118,"column":2},"end":{"line":128,"column":3}},"68":{"start":{"line":119,"column":20},"end":{"line":119,"column":95}},"69":{"start":{"line":120,"column":19},"end":{"line":120,"column":33}},"70":{"start":{"line":121,"column":23},"end":{"line":121,"column":88}},"71":{"start":{"line":122,"column":4},"end":{"line":122,"column":84}},"72":{"start":{"line":122,"column":21},"end":{"line":122,"column":84}},"73":{"start":{"line":123,"column":4},"end":{"line":123,"column":95}},"74":{"start":{"line":123,"column":43},"end":{"line":123,"column":95}},"75":{"start":{"line":124,"column":20},"end":{"line":124,"column":99}},"76":{"start":{"line":125,"column":4},"end":{"line":125,"column":38}},"77":{"start":{"line":127,"column":4},"end":{"line":127,"column":52}},"78":{"start":{"line":132,"column":0},"end":{"line":136,"column":3}},"79":{"start":{"line":133,"column":24},"end":{"line":133,"column":69}},"80":{"start":{"line":134,"column":2},"end":{"line":134,"column":40}},"81":{"start":{"line":135,"column":2},"end":{"line":135,"column":41}},"82":{"start":{"line":138,"column":0},"end":{"line":142,"column":3}},"83":{"start":{"line":139,"column":24},"end":{"line":139,"column":80}},"84":{"start":{"line":139,"column":49},"end":{"line":139,"column":79}},"85":{"start":{"line":140,"column":2},"end":{"line":140,"column":74}},"86":{"start":{"line":140,"column":22},"end":{"line":140,"column":74}},"87":{"start":{"line":141,"column":2},"end":{"line":141,"column":26}},"88":{"start":{"line":144,"column":0},"end":{"line":149,"column":3}},"89":{"start":{"line":145,"column":16},"end":{"line":145,"column":77}},"90":{"start":{"line":145,"column":46},"end":{"line":145,"column":76}},"91":{"start":{"line":146,"column":2},"end":{"line":146,"column":72}},"92":{"start":{"line":146,"column":20},"end":{"line":146,"column":72}},"93":{"start":{"line":147,"column":2},"end":{"line":147,"column":68}},"94":{"start":{"line":148,"column":2},"end":{"line":148,"column":34}},"95":{"start":{"line":151,"column":0},"end":{"line":154,"column":3}},"96":{"start":{"line":152,"column":2},"end":{"line":152,"column":78}},"97":{"start":{"line":152,"column":46},"end":{"line":152,"column":76}},"98":{"start":{"line":153,"column":2},"end":{"line":153,"column":25}},"99":{"start":{"line":156,"column":0},"end":{"line":156,"column":19}},"100":{"start":{"line":158,"column":0},"end":{"line":160,"column":1}},"101":{"start":{"line":159,"column":2},"end":{"line":159,"column":75}},"102":{"start":{"line":159,"column":25},"end":{"line":159,"column":73}}},"fnMap":{"0":{"name":"(anonymous_8)","decl":{"start":{"line":32,"column":23},"end":{"line":32,"column":24}},"loc":{"start":{"line":32,"column":55},"end":{"line":34,"column":1}}},"1":{"name":"(anonymous_9)","decl":{"start":{"line":37,"column":21},"end":{"line":37,"column":22}},"loc":{"start":{"line":37,"column":53},"end":{"line":47,"column":1}}},"2":{"name":"(anonymous_10)","decl":{"start":{"line":52,"column":28},"end":{"line":52,"column":35}},"loc":{"start":{"line":52,"column":66},"end":{"line":78,"column":2}}},"3":{"name":"(anonymous_11)","decl":{"start":{"line":52,"column":66},"end":{"line":52,"column":null}},"loc":{"start":{"line":52,"column":66},"end":{"line":78,"column":1}}},"4":{"name":"(anonymous_12)","decl":{"start":{"line":81,"column":28},"end":{"line":81,"column":35}},"loc":{"start":{"line":81,"column":66},"end":{"line":110,"column":2}}},"5":{"name":"(anonymous_13)","decl":{"start":{"line":81,"column":66},"end":{"line":81,"column":null}},"loc":{"start":{"line":81,"column":66},"end":{"line":110,"column":1}}},"6":{"name":"(anonymous_14)","decl":{"start":{"line":112,"column":34},"end":{"line":112,"column":41}},"loc":{"start":{"line":112,"column":72},"end":{"line":129,"column":2}}},"7":{"name":"(anonymous_15)","decl":{"start":{"line":112,"column":72},"end":{"line":112,"column":null}},"loc":{"start":{"line":112,"column":72},"end":{"line":129,"column":1}}},"8":{"name":"(anonymous_16)","decl":{"start":{"line":132,"column":32},"end":{"line":132,"column":33}},"loc":{"start":{"line":132,"column":64},"end":{"line":136,"column":1}}},"9":{"name":"(anonymous_17)","decl":{"start":{"line":138,"column":35},"end":{"line":138,"column":36}},"loc":{"start":{"line":138,"column":67},"end":{"line":142,"column":1}}},"10":{"name":"(anonymous_18)","decl":{"start":{"line":139,"column":44},"end":{"line":139,"column":45}},"loc":{"start":{"line":139,"column":49},"end":{"line":139,"column":79}}},"11":{"name":"(anonymous_19)","decl":{"start":{"line":144,"column":35},"end":{"line":144,"column":36}},"loc":{"start":{"line":144,"column":67},"end":{"line":149,"column":1}}},"12":{"name":"(anonymous_20)","decl":{"start":{"line":145,"column":41},"end":{"line":145,"column":42}},"loc":{"start":{"line":145,"column":46},"end":{"line":145,"column":76}}},"13":{"name":"(anonymous_21)","decl":{"start":{"line":151,"column":38},"end":{"line":151,"column":39}},"loc":{"start":{"line":151,"column":70},"end":{"line":154,"column":1}}},"14":{"name":"(anonymous_22)","decl":{"start":{"line":152,"column":41},"end":{"line":152,"column":42}},"loc":{"start":{"line":152,"column":46},"end":{"line":152,"column":76}}},"15":{"name":"(anonymous_23)","decl":{"start":{"line":159,"column":19},"end":{"line":159,"column":22}},"loc":{"start":{"line":159,"column":25},"end":{"line":159,"column":73}}}},"branchMap":{"0":{"loc":{"start":{"line":11,"column":13},"end":{"line":11,"column":37}},"type":"binary-expr","locations":[{"start":{"line":11,"column":13},"end":{"line":11,"column":29}},{"start":{"line":11,"column":33},"end":{"line":11,"column":37}}]},"1":{"loc":{"start":{"line":39,"column":16},"end":{"line":39,"column":54}},"type":"binary-expr","locations":[{"start":{"line":39,"column":16},"end":{"line":39,"column":26}},{"start":{"line":39,"column":30},"end":{"line":39,"column":54}}]},"2":{"loc":{"start":{"line":40,"column":2},"end":{"line":40,"column":69}},"type":"if","locations":[{"start":{"line":40,"column":2},"end":{"line":40,"column":69}}]},"3":{"loc":{"start":{"line":42,"column":38},"end":{"line":42,"column":72}},"type":"binary-expr","locations":[{"start":{"line":42,"column":38},"end":{"line":42,"column":60}},{"start":{"line":42,"column":64},"end":{"line":42,"column":72}}]},"4":{"loc":{"start":{"line":54,"column":16},"end":{"line":54,"column":54}},"type":"binary-expr","locations":[{"start":{"line":54,"column":16},"end":{"line":54,"column":26}},{"start":{"line":54,"column":30},"end":{"line":54,"column":54}}]},"5":{"loc":{"start":{"line":55,"column":2},"end":{"line":55,"column":69}},"type":"if","locations":[{"start":{"line":55,"column":2},"end":{"line":55,"column":69}}]},"6":{"loc":{"start":{"line":57,"column":38},"end":{"line":57,"column":72}},"type":"binary-expr","locations":[{"start":{"line":57,"column":38},"end":{"line":57,"column":60}},{"start":{"line":57,"column":64},"end":{"line":57,"column":72}}]},"7":{"loc":{"start":{"line":60,"column":4},"end":{"line":62,"column":5}},"type":"if","locations":[{"start":{"line":60,"column":4},"end":{"line":62,"column":5}}]},"8":{"loc":{"start":{"line":83,"column":16},"end":{"line":83,"column":54}},"type":"binary-expr","locations":[{"start":{"line":83,"column":16},"end":{"line":83,"column":26}},{"start":{"line":83,"column":30},"end":{"line":83,"column":54}}]},"9":{"loc":{"start":{"line":84,"column":2},"end":{"line":84,"column":69}},"type":"if","locations":[{"start":{"line":84,"column":2},"end":{"line":84,"column":69}}]},"10":{"loc":{"start":{"line":86,"column":38},"end":{"line":86,"column":72}},"type":"binary-expr","locations":[{"start":{"line":86,"column":38},"end":{"line":86,"column":60}},{"start":{"line":86,"column":64},"end":{"line":86,"column":72}}]},"11":{"loc":{"start":{"line":89,"column":4},"end":{"line":95,"column":5}},"type":"if","locations":[{"start":{"line":89,"column":4},"end":{"line":95,"column":5}}]},"12":{"loc":{"start":{"line":89,"column":8},"end":{"line":89,"column":25}},"type":"binary-expr","locations":[{"start":{"line":89,"column":8},"end":{"line":89,"column":14}},{"start":{"line":89,"column":18},"end":{"line":89,"column":25}}]},"13":{"loc":{"start":{"line":92,"column":30},"end":{"line":92,"column":53}},"type":"cond-expr","locations":[{"start":{"line":92,"column":30},"end":{"line":92,"column":40}},{"start":{"line":92,"column":44},"end":{"line":92,"column":53}}]},"14":{"loc":{"start":{"line":92,"column":30},"end":{"line":92,"column":44}},"type":"binary-expr","locations":[{"start":{"line":92,"column":30},"end":{"line":92,"column":44}},{"start":{"line":92,"column":30},"end":{"line":92,"column":44}}]},"15":{"loc":{"start":{"line":92,"column":68},"end":{"line":92,"column":92}},"type":"cond-expr","locations":[{"start":{"line":92,"column":68},"end":{"line":92,"column":79}},{"start":{"line":92,"column":83},"end":{"line":92,"column":92}}]},"16":{"loc":{"start":{"line":92,"column":68},"end":{"line":92,"column":83}},"type":"binary-expr","locations":[{"start":{"line":92,"column":68},"end":{"line":92,"column":83}},{"start":{"line":92,"column":68},"end":{"line":92,"column":83}}]},"17":{"loc":{"start":{"line":93,"column":47},"end":{"line":93,"column":66}},"type":"binary-expr","locations":[{"start":{"line":93,"column":47},"end":{"line":93,"column":57}},{"start":{"line":93,"column":61},"end":{"line":93,"column":66}}]},"18":{"loc":{"start":{"line":93,"column":81},"end":{"line":93,"column":100}},"type":"binary-expr","locations":[{"start":{"line":93,"column":81},"end":{"line":93,"column":92}},{"start":{"line":93,"column":96},"end":{"line":93,"column":100}}]},"19":{"loc":{"start":{"line":96,"column":4},"end":{"line":105,"column":5}},"type":"if","locations":[{"start":{"line":96,"column":4},"end":{"line":105,"column":5}}]},"20":{"loc":{"start":{"line":96,"column":8},"end":{"line":96,"column":43}},"type":"binary-expr","locations":[{"start":{"line":96,"column":8},"end":{"line":96,"column":14}},{"start":{"line":96,"column":18},"end":{"line":96,"column":25}},{"start":{"line":96,"column":29},"end":{"line":96,"column":43}}]},"21":{"loc":{"start":{"line":98,"column":6},"end":{"line":104,"column":7}},"type":"if","locations":[{"start":{"line":98,"column":6},"end":{"line":104,"column":7}}]},"22":{"loc":{"start":{"line":98,"column":10},"end":{"line":98,"column":54}},"type":"binary-expr","locations":[{"start":{"line":98,"column":10},"end":{"line":98,"column":23}},{"start":{"line":98,"column":27},"end":{"line":98,"column":54}}]},"23":{"loc":{"start":{"line":114,"column":16},"end":{"line":114,"column":54}},"type":"binary-expr","locations":[{"start":{"line":114,"column":16},"end":{"line":114,"column":26}},{"start":{"line":114,"column":30},"end":{"line":114,"column":54}}]},"24":{"loc":{"start":{"line":115,"column":2},"end":{"line":115,"column":69}},"type":"if","locations":[{"start":{"line":115,"column":2},"end":{"line":115,"column":69}}]},"25":{"loc":{"start":{"line":119,"column":38},"end":{"line":119,"column":72}},"type":"binary-expr","locations":[{"start":{"line":119,"column":38},"end":{"line":119,"column":60}},{"start":{"line":119,"column":64},"end":{"line":119,"column":72}}]},"26":{"loc":{"start":{"line":122,"column":4},"end":{"line":122,"column":84}},"type":"if","locations":[{"start":{"line":122,"column":4},"end":{"line":122,"column":84}}]},"27":{"loc":{"start":{"line":123,"column":4},"end":{"line":123,"column":95}},"type":"if","locations":[{"start":{"line":123,"column":4},"end":{"line":123,"column":95}}]},"28":{"loc":{"start":{"line":140,"column":2},"end":{"line":140,"column":74}},"type":"if","locations":[{"start":{"line":140,"column":2},"end":{"line":140,"column":74}}]},"29":{"loc":{"start":{"line":146,"column":2},"end":{"line":146,"column":72}},"type":"if","locations":[{"start":{"line":146,"column":2},"end":{"line":146,"column":72}}]},"30":{"loc":{"start":{"line":158,"column":0},"end":{"line":160,"column":1}},"type":"if","locations":[{"start":{"line":158,"column":0},"end":{"line":160,"column":1}}]}},"s":{"0":6,"1":6,"2":6,"3":6,"4":6,"5":6,"6":6,"7":6,"8":6,"9":6,"10":6,"11":6,"12":6,"13":6,"14":0,"15":6,"16":0,"17":0,"18":0,"19":0,"20":0,"21":0,"22":0,"23":0,"24":6,"25":0,"26":0,"27":0,"28":0,"29":0,"30":0,"31":0,"32":0,"33":0,"34":0,"35":0,"36":0,"37":0,"38":0,"39":0,"40":0,"41":6,"42":0,"43":0,"44":0,"45":0,"46":0,"47":0,"48":0,"49":0,"50":0,"51":0,"52":0,"53":0,"54":0,"55":0,"56":0,"57":0,"58":0,"59":6,"60":0,"61":0,"62":0,"63":0,"64":0,"65":0,"66":0,"67":0,"68":0,"69":0,"70":0,"71":0,"72":0,"73":0,"74":0,"75":0,"76":0,"77":0,"78":6,"79":2,"80":2,"81":2,"82":6,"83":4,"84":2,"85":4,"86":2,"87":2,"88":6,"89":2,"90":2,"91":2,"92":0,"93":2,"94":2,"95":6,"96":2,"97":2,"98":2,"99":6,"100":6,"101":0,"102":0},"f":{"0":0,"1":0,"2":0,"3":0,"4":0,"5":0,"6":0,"7":0,"8":2,"9":4,"10":2,"11":2,"12":2,"13":2,"14":2,"15":0},"b":{"0":[6,6],"1":[0,0],"2":[0],"3":[0,0],"4":[0,0],"5":[0],"6":[0,0],"7":[0],"8":[0,0],"9":[0],"10":[0,0],"11":[0],"12":[0,0],"13":[0,0],"14":[0,0],"15":[0,0],"16":[0,0],"17":[0,0],"18":[0,0],"19":[0],"20":[0,0,0],"21":[0],"22":[0,0],"23":[0,0],"24":[0],"25":[0,0],"26":[0],"27":[0],"28":[2],"29":[0],"30":[0]}}
}
