TN:
SF:src\index.ts
FN:32,(anonymous_8)
FN:37,(anonymous_9)
FN:52,(anonymous_10)
FN:52,(anonymous_11)
FN:81,(anonymous_12)
FN:81,(anonymous_13)
FN:112,(anonymous_14)
FN:112,(anonymous_15)
FN:132,(anonymous_16)
FN:138,(anonymous_17)
FN:139,(anonymous_18)
FN:144,(anonymous_19)
FN:145,(anonymous_20)
FN:151,(anonymous_21)
FN:152,(anonymous_22)
FN:159,(anonymous_23)
FNF:16
FNH:7
FNDA:0,(anonymous_8)
FNDA:0,(anonymous_9)
FNDA:0,(anonymous_10)
FNDA:0,(anonymous_11)
FNDA:0,(anonymous_12)
FNDA:0,(anonymous_13)
FNDA:0,(anonymous_14)
FNDA:0,(anonymous_15)
FNDA:2,(anonymous_16)
FNDA:4,(anonymous_17)
FNDA:2,(anonymous_18)
FNDA:2,(anonymous_19)
FNDA:2,(anonymous_20)
FNDA:2,(anonymous_21)
FNDA:2,(anonymous_22)
FNDA:0,(anonymous_23)
DA:1,6
DA:2,6
DA:3,6
DA:4,6
DA:6,6
DA:8,6
DA:10,6
DA:11,6
DA:12,6
DA:26,6
DA:27,6
DA:29,6
DA:30,6
DA:32,6
DA:33,0
DA:37,6
DA:38,0
DA:39,0
DA:40,0
DA:41,0
DA:42,0
DA:43,0
DA:45,0
DA:52,6
DA:53,0
DA:54,0
DA:55,0
DA:56,0
DA:57,0
DA:58,0
DA:59,0
DA:60,0
DA:61,0
DA:63,0
DA:66,0
DA:70,0
DA:74,0
DA:76,0
DA:81,6
DA:82,0
DA:83,0
DA:84,0
DA:85,0
DA:86,0
DA:87,0
DA:88,0
DA:89,0
DA:90,0
DA:96,0
DA:97,0
DA:98,0
DA:99,0
DA:106,0
DA:108,0
DA:112,6
DA:113,0
DA:114,0
DA:115,0
DA:116,0
DA:117,0
DA:118,0
DA:119,0
DA:120,0
DA:121,0
DA:122,0
DA:123,0
DA:124,0
DA:125,0
DA:127,0
DA:132,6
DA:133,2
DA:134,2
DA:135,2
DA:138,6
DA:139,4
DA:140,4
DA:141,2
DA:144,6
DA:145,2
DA:146,2
DA:147,2
DA:148,2
DA:151,6
DA:152,2
DA:153,2
DA:156,6
DA:158,6
DA:159,0
LF:88
LH:36
BRDA:11,0,0,6
BRDA:11,0,1,6
BRDA:39,1,0,0
BRDA:39,1,1,0
BRDA:40,2,0,0
BRDA:42,3,0,0
BRDA:42,3,1,0
BRDA:54,4,0,0
BRDA:54,4,1,0
BRDA:55,5,0,0
BRDA:57,6,0,0
BRDA:57,6,1,0
BRDA:60,7,0,0
BRDA:83,8,0,0
BRDA:83,8,1,0
BRDA:84,9,0,0
BRDA:86,10,0,0
BRDA:86,10,1,0
BRDA:89,11,0,0
BRDA:89,12,0,0
BRDA:89,12,1,0
BRDA:92,13,0,0
BRDA:92,13,1,0
BRDA:92,14,0,0
BRDA:92,14,1,0
BRDA:92,15,0,0
BRDA:92,15,1,0
BRDA:92,16,0,0
BRDA:92,16,1,0
BRDA:93,17,0,0
BRDA:93,17,1,0
BRDA:93,18,0,0
BRDA:93,18,1,0
BRDA:96,19,0,0
BRDA:96,20,0,0
BRDA:96,20,1,0
BRDA:96,20,2,0
BRDA:98,21,0,0
BRDA:98,22,0,0
BRDA:98,22,1,0
BRDA:114,23,0,0
BRDA:114,23,1,0
BRDA:115,24,0,0
BRDA:119,25,0,0
BRDA:119,25,1,0
BRDA:122,26,0,0
BRDA:123,27,0,0
BRDA:140,28,0,2
BRDA:146,29,0,0
BRDA:158,30,0,0
BRF:50
BRH:3
end_of_record
